<?xml version="1.0" encoding="UTF-8"?>
<!-- Generated by org.testng.reporters.JUnitXMLReporter -->
<testsuite ignored="6" hostname="DESKTOP-M2NN6CV" failures="0" tests="4" name="Test" time="24.219" errors="0" timestamp="2021-10-08T12:23:45 IST">
  <testcase classname="com.sway2automation.test.FramesandWindowsTest" name="newwindow" time="1.322"/>
  <testcase classname="com.sway2automation.test.RegistrationTest" name="RegTests" time="2.905"/>
  <testcase classname="com.sway2automation.test.DropdownTest" name="dropdown" time="1.198"/>
  <testcase classname="com.sway2automation.test.AlertTest" name="checkAlert" time="0.99"/>
  <testcase classname="com.way2automation.generics.BaseTest" name="@AfterSuite close" time="0.0">
    <ignored/>
  </testcase> <!-- @AfterSuite close -->
  <testcase classname="com.way2automation.generics.BaseTest" name="@AfterSuite close" time="0.0">
    <ignored/>
  </testcase> <!-- @AfterSuite close -->
  <testcase classname="com.way2automation.generics.BaseTest" name="@AfterSuite close" time="0.0">
    <ignored/>
  </testcase> <!-- @AfterSuite close -->
  <testcase classname="com.way2automation.generics.BaseTest" name="@BeforeSuite start" time="0.0">
    <ignored/>
  </testcase> <!-- @BeforeSuite start -->
  <testcase classname="com.way2automation.generics.BaseTest" name="@BeforeSuite start" time="0.0">
    <ignored/>
  </testcase> <!-- @BeforeSuite start -->
  <testcase classname="com.way2automation.generics.BaseTest" name="@BeforeSuite start" time="0.0">
    <ignored/>
  </testcase> <!-- @BeforeSuite start -->
</testsuite> <!-- Test -->
