<?xml version="1.0" encoding="UTF-8"?>
<testng-results ignored="6" total="10" passed="4" failed="0" skipped="0">
  <reporter-output>
    <line>
      <![CDATA[excecution start]]>
    </line>
    <line>
      <![CDATA[stop execution]]>
    </line>
  </reporter-output>
  <suite started-at="2021-10-08T12:23:21 IST" name="Suite" finished-at="2021-10-08T12:23:45 IST" duration-ms="24219">
    <groups>
    </groups>
    <test started-at="2021-10-08T12:23:21 IST" name="Test" finished-at="2021-10-08T12:23:45 IST" duration-ms="24219">
      <class name="com.sway2automation.test.DropdownTest">
        <test-method is-config="true" signature="openapp()[pri:0, instance:com.sway2automation.test.DropdownTest@4944252c]" started-at="2021-10-08T12:23:35 IST" name="openapp" finished-at="2021-10-08T12:23:38 IST" duration-ms="3155" status="PASS">
          <reporter-output>
          </reporter-output>
        </test-method> <!-- openapp -->
        <test-method signature="dropdown()[pri:0, instance:com.sway2automation.test.DropdownTest@4944252c]" started-at="2021-10-08T12:23:38 IST" name="dropdown" finished-at="2021-10-08T12:23:39 IST" duration-ms="1198" status="PASS">
          <reporter-output>
          </reporter-output>
        </test-method> <!-- dropdown -->
        <test-method is-config="true" signature="closeapp()[pri:0, instance:com.sway2automation.test.DropdownTest@4944252c]" started-at="2021-10-08T12:23:39 IST" name="closeapp" finished-at="2021-10-08T12:23:40 IST" duration-ms="831" status="PASS">
          <reporter-output>
          </reporter-output>
        </test-method> <!-- closeapp -->
      </class> <!-- com.sway2automation.test.DropdownTest -->
      <class name="com.sway2automation.test.FramesandWindowsTest">
        <test-method is-config="true" signature="start()[pri:0, instance:com.sway2automation.test.FramesandWindowsTest@41e1e210]" started-at="2021-10-08T12:23:21 IST" name="start" finished-at="2021-10-08T12:23:21 IST" duration-ms="17" status="PASS">
          <reporter-output>
            <line>
              <![CDATA[excecution start]]>
            </line>
          </reporter-output>
        </test-method> <!-- start -->
        <test-method is-config="true" signature="openapp()[pri:0, instance:com.sway2automation.test.FramesandWindowsTest@41e1e210]" started-at="2021-10-08T12:23:21 IST" name="openapp" finished-at="2021-10-08T12:23:26 IST" duration-ms="4738" status="PASS">
          <reporter-output>
          </reporter-output>
        </test-method> <!-- openapp -->
        <test-method signature="newwindow()[pri:0, instance:com.sway2automation.test.FramesandWindowsTest@41e1e210]" started-at="2021-10-08T12:23:26 IST" name="newwindow" finished-at="2021-10-08T12:23:27 IST" duration-ms="1322" status="PASS">
          <reporter-output>
          </reporter-output>
        </test-method> <!-- newwindow -->
        <test-method is-config="true" signature="closeapp()[pri:0, instance:com.sway2automation.test.FramesandWindowsTest@41e1e210]" started-at="2021-10-08T12:23:27 IST" name="closeapp" finished-at="2021-10-08T12:23:28 IST" duration-ms="855" status="PASS">
          <reporter-output>
          </reporter-output>
        </test-method> <!-- closeapp -->
        <test-method is-config="true" signature="close()[pri:0, instance:com.sway2automation.test.FramesandWindowsTest@41e1e210]" started-at="2021-10-08T12:23:45 IST" name="close" finished-at="2021-10-08T12:23:45 IST" duration-ms="0" status="PASS">
          <reporter-output>
            <line>
              <![CDATA[stop execution]]>
            </line>
          </reporter-output>
        </test-method> <!-- close -->
      </class> <!-- com.sway2automation.test.FramesandWindowsTest -->
      <class name="com.sway2automation.test.RegistrationTest">
        <test-method is-config="true" signature="openapp()[pri:0, instance:com.sway2automation.test.RegistrationTest@be35cd9]" started-at="2021-10-08T12:23:28 IST" name="openapp" finished-at="2021-10-08T12:23:31 IST" duration-ms="3409" status="PASS">
          <reporter-output>
          </reporter-output>
        </test-method> <!-- openapp -->
        <test-method signature="RegTests()[pri:0, instance:com.sway2automation.test.RegistrationTest@be35cd9]" started-at="2021-10-08T12:23:31 IST" name="RegTests" finished-at="2021-10-08T12:23:34 IST" duration-ms="2905" status="PASS">
          <reporter-output>
          </reporter-output>
        </test-method> <!-- RegTests -->
        <test-method is-config="true" signature="closeapp()[pri:0, instance:com.sway2automation.test.RegistrationTest@be35cd9]" started-at="2021-10-08T12:23:34 IST" name="closeapp" finished-at="2021-10-08T12:23:35 IST" duration-ms="820" status="PASS">
          <reporter-output>
          </reporter-output>
        </test-method> <!-- closeapp -->
      </class> <!-- com.sway2automation.test.RegistrationTest -->
      <class name="com.sway2automation.test.AlertTest">
        <test-method is-config="true" signature="openapp()[pri:0, instance:com.sway2automation.test.AlertTest@44821a96]" started-at="2021-10-08T12:23:40 IST" name="openapp" finished-at="2021-10-08T12:23:43 IST" duration-ms="3129" status="PASS">
          <reporter-output>
          </reporter-output>
        </test-method> <!-- openapp -->
        <test-method signature="checkAlert()[pri:0, instance:com.sway2automation.test.AlertTest@44821a96]" started-at="2021-10-08T12:23:43 IST" name="checkAlert" finished-at="2021-10-08T12:23:44 IST" duration-ms="990" status="PASS">
          <reporter-output>
          </reporter-output>
        </test-method> <!-- checkAlert -->
        <test-method is-config="true" signature="closeapp()[pri:0, instance:com.sway2automation.test.AlertTest@44821a96]" started-at="2021-10-08T12:23:44 IST" name="closeapp" finished-at="2021-10-08T12:23:45 IST" duration-ms="806" status="PASS">
          <reporter-output>
          </reporter-output>
        </test-method> <!-- closeapp -->
      </class> <!-- com.sway2automation.test.AlertTest -->
    </test> <!-- Test -->
  </suite> <!-- Suite -->
</testng-results>
