<?xml version="1.0" encoding="UTF-8"?>
<testng-results ignored="0" total="1" passed="1" failed="0" skipped="0">
  <reporter-output>
    <line>
      <![CDATA[excecution start]]>
    </line>
    <line>
      <![CDATA[stop execution]]>
    </line>
  </reporter-output>
  <suite started-at="2021-10-07T21:51:41 IST" name="Default suite" finished-at="2021-10-07T21:51:48 IST" duration-ms="7012">
    <groups>
    </groups>
    <test started-at="2021-10-07T21:51:41 IST" name="Default test" finished-at="2021-10-07T21:51:48 IST" duration-ms="7012">
      <class name="com.sway2automation.test.DropdownTest">
        <test-method is-config="true" signature="start()[pri:0, instance:com.sway2automation.test.DropdownTest@41e1e210]" started-at="2021-10-07T21:51:41 IST" name="start" finished-at="2021-10-07T21:51:41 IST" duration-ms="13" status="PASS">
          <reporter-output>
            <line>
              <![CDATA[excecution start]]>
            </line>
          </reporter-output>
        </test-method> <!-- start -->
        <test-method is-config="true" signature="openapp()[pri:0, instance:com.sway2automation.test.DropdownTest@41e1e210]" started-at="2021-10-07T21:51:41 IST" name="openapp" finished-at="2021-10-07T21:51:45 IST" duration-ms="4631" status="PASS">
          <reporter-output>
          </reporter-output>
        </test-method> <!-- openapp -->
        <test-method signature="dropdown()[pri:0, instance:com.sway2automation.test.DropdownTest@41e1e210]" started-at="2021-10-07T21:51:45 IST" name="dropdown" finished-at="2021-10-07T21:51:47 IST" duration-ms="1331" status="PASS">
          <reporter-output>
          </reporter-output>
        </test-method> <!-- dropdown -->
        <test-method is-config="true" signature="closeapp()[pri:0, instance:com.sway2automation.test.DropdownTest@41e1e210]" started-at="2021-10-07T21:51:47 IST" name="closeapp" finished-at="2021-10-07T21:51:48 IST" duration-ms="1006" status="PASS">
          <reporter-output>
          </reporter-output>
        </test-method> <!-- closeapp -->
        <test-method is-config="true" signature="close()[pri:0, instance:com.sway2automation.test.DropdownTest@41e1e210]" started-at="2021-10-07T21:51:48 IST" name="close" finished-at="2021-10-07T21:51:48 IST" duration-ms="1" status="PASS">
          <reporter-output>
            <line>
              <![CDATA[stop execution]]>
            </line>
          </reporter-output>
        </test-method> <!-- close -->
      </class> <!-- com.sway2automation.test.DropdownTest -->
    </test> <!-- Default test -->
  </suite> <!-- Default suite -->
</testng-results>
